[2024-08-25 13:30:21] [info] Received AJAX data: {"action":"ekortn_process_chat_message","query":"Retisin","nonce":"a380c14b50"}
[2024-08-25 13:30:21] [error] Empty message received.
[2024-08-25 13:39:00] [info] Received AJAX data: {"action":"ekortn_process_chat_message","message":"Retisin","nonce":"a380c14b50"}
[2024-08-25 13:39:00] [info] Valid message received: Retisin
[2024-08-25 13:39:00] [request] API Request: "{\"messages\":[{\"role\":\"user\",\"content\":\"Retisin\"}]}"
[2024-08-25 13:44:16] [info] Received AJAX data: {"action":"ekortn_process_chat_message","message":"Retisin","nonce":"a380c14b50"}
[2024-08-25 13:44:16] [info] Valid message received: Retisin
[2024-08-25 13:44:16] [request] API Request: "{\"messages\":[{\"role\":\"user\",\"content\":\"Retisin\"}]}"
[2024-08-25 13:47:22] [info] Received AJAX data: {"action":"ekortn_process_chat_message","message":"Retisin","nonce":"a380c14b50"}
[2024-08-25 13:47:22] [info] Valid message received: Retisin
[2024-08-25 13:47:22] [request] API Request: "{\"messages\":[{\"role\":\"user\",\"content\":\"Retisin\"}]}"
[2024-08-25 13:48:26] [info] Received AJAX data: {"action":"ekortn_process_chat_message","message":"Retisin","nonce":"a380c14b50"}
[2024-08-25 13:48:26] [info] Valid message received: Retisin
[2024-08-25 13:48:26] [request] API Request: "{\"messages\":[{\"role\":\"user\",\"content\":\"Retisin\"}]}"
[2024-08-25 13:51:14] [info] Received AJAX data: {"action":"ekortn_process_chat_message","message":"Retisin","nonce":"a380c14b50"}
[2024-08-25 13:51:14] [info] Valid message received: Retisin
[2024-08-25 13:51:14] [request] API Request: "{\"messages\":[{\"role\":\"user\",\"content\":\"Retisin\"}]}"
[2024-08-25 13:52:52] [info] Received AJAX data: {"action":"ekortn_process_chat_message","message":"Retisin","nonce":"a380c14b50"}
[2024-08-25 13:52:52] [info] Valid message received: Retisin
[2024-08-25 13:52:52] [request] API Request: "{\"messages\":[{\"role\":\"user\",\"content\":\"Retisin\"}]}"
[2024-08-25 14:34:50] [info] Received AJAX data: {"action":"ekortn_process_chat_message","message":"Retisin\u00ed\u00e9\u00e1","nonce":"a380c14b50"}
[2024-08-25 14:34:50] [info] Valid message received: Retisiníéá
[2024-08-25 14:34:50] [request] API Request: "{\"messages\":[{\"role\":\"user\",\"content\":\"Retisin\\u00ed\\u00e9\\u00e1\"}]}"
[2024-08-25 14:55:22] [info] Received AJAX data: {"action":"ekortn_process_chat_message","message":"Retisin","nonce":"a380c14b50"}
[2024-08-25 14:55:22] [info] Valid message received: Retisin
[2024-08-25 14:55:22] [request] API Request: "{\"messages\":[{\"role\":\"user\",\"content\":\"Retisin\"}]}"
[2024-08-25 14:57:18] [info] Received AJAX data: {"action":"ekortn_process_chat_message","message":"Retisin","nonce":"a380c14b50"}
[2024-08-25 14:57:18] [info] Valid message received: Retisin
[2024-08-25 14:57:18] [request] API Request: "{\"messages\":[{\"role\":\"user\",\"content\":\"Retisin\"}]}"
[2024-08-25 15:12:33] [info] Received AJAX data: {"action":"ekortn_process_chat_message","message":"Retisin","nonce":"a380c14b50"}
[2024-08-25 15:12:33] [info] Valid message received: Retisin
[2024-08-25 15:12:33] [request] API Request: "{\"messages\":[{\"role\":\"user\",\"content\":\"Retisin\"}]}"
[2024-08-25 15:17:58] [info] Received AJAX data: {"action":"ekortn_process_chat_message","message":"Retisin","nonce":"a380c14b50"}
[2024-08-25 15:17:58] [info] Valid message received: Retisin
[2024-08-25 15:17:58] [request] API Request: "{\"messages\":[{\"role\":\"user\",\"content\":\"Retisin\"}]}"
[2024-08-25 16:20:40] [info] Received AJAX data: {"action":"ekortn_process_chat_message","message":"Retisin","nonce":"a380c14b50"}
[2024-08-25 16:20:40] [info] Valid message received: Retisin
[2024-08-25 16:20:40] [request] API Request: "{\"messages\":[{\"role\":\"user\",\"content\":\"Retisin\"}]}"
[2024-08-25 16:22:07] [info] Received AJAX data: {"action":"ekortn_process_chat_message","message":"Retisin","nonce":"a380c14b50"}
[2024-08-25 16:22:07] [info] Valid message received: Retisin
[2024-08-25 16:22:07] [request] API Request: "{\"messages\":[{\"role\":\"user\",\"content\":\"Retisin\"}]}"
[2024-08-25 16:26:22] [info] Received AJAX data: {"action":"ekortn_process_chat_message","message":"Retisin","nonce":"a380c14b50"}
[2024-08-25 16:26:22] [info] Valid message received: Retisin
[2024-08-25 16:26:22] [request] API Request: "{\"messages\":[{\"role\":\"user\",\"content\":\"Retisin\"}]}"
[2024-08-25 16:26:26] [info] Received AJAX data: []
[2024-08-25 16:26:26] [error] Invalid nonce received: none
[2024-08-25 16:32:57] [info] Received AJAX data: {"action":"ekortn_process_chat_message","message":"Retisin","nonce":"a380c14b50"}
[2024-08-25 16:32:57] [info] Valid message received: Retisin
[2024-08-25 16:32:57] [request] API Request: "{\"messages\":[{\"role\":\"user\",\"content\":\"Retisin\"}]}"
[2024-08-25 16:33:01] [info] Received AJAX data: []
[2024-08-25 16:33:01] [error] Invalid nonce received: none
[2024-08-25 16:36:10] [info] Received AJAX data: {"action":"ekortn_process_chat_message","message":"Retisin","nonce":"a380c14b50"}
[2024-08-25 16:36:10] [info] Valid message received: Retisin
[2024-08-25 16:36:10] [request] API Request: "{\"messages\":[{\"role\":\"user\",\"content\":\"Retisin\"}]}"
[2024-08-25 16:36:14] [info] Received AJAX data: []
[2024-08-25 16:36:14] [error] Invalid nonce received: none
[2024-08-25 16:41:08] [info] Received AJAX data: {"action":"ekortn_process_chat_message","message":"Retisin","nonce":"a380c14b50"}
[2024-08-25 16:41:08] [info] Valid message received: Retisin
[2024-08-25 16:41:08] [request] API Request: "{\"messages\":[{\"role\":\"user\",\"content\":\"Retisin\"}]}"
[2024-08-25 16:41:12] [info] Received AJAX data: []
[2024-08-25 16:41:12] [error] Invalid nonce received: none
[2024-08-25 16:44:18] [info] Received AJAX data: {"action":"ekortn_process_chat_message","message":"Retisin","nonce":"a380c14b50"}
[2024-08-25 16:44:18] [info] Valid message received: Retisin
[2024-08-25 16:44:18] [request] API Request: "{\"messages\":[{\"role\":\"user\",\"content\":\"Retisin\"}]}"
[2024-08-25 16:44:22] [info] Received AJAX data: []
[2024-08-25 16:44:22] [error] Invalid nonce received: none
[2024-08-25 16:46:12] [info] Received AJAX data: {"action":"ekortn_process_chat_message","message":"Retisin","nonce":"a380c14b50"}
[2024-08-25 16:46:12] [info] Valid message received: Retisin
[2024-08-25 16:46:12] [request] API Request: "{\"messages\":[{\"role\":\"user\",\"content\":\"Retisin\"}]}"
[2024-08-25 16:46:15] [info] Received AJAX data: []
[2024-08-25 16:46:15] [error] Invalid nonce received: none
[2024-08-25 16:57:21] [info] Received AJAX data: {"action":"ekortn_process_chat_message","message":"Retisin","nonce":"a380c14b50"}
[2024-08-25 16:57:21] [info] Valid message received: Retisin
[2024-08-25 16:57:21] [request] API Request: "{\"messages\":[{\"role\":\"user\",\"content\":\"Retisin\"}]}"
[2024-08-25 16:57:25] [info] Received AJAX data: []
[2024-08-25 16:57:25] [error] Invalid nonce received: none
[2024-08-25 17:01:01] [info] Received AJAX data: {"action":"ekortn_process_chat_message","message":"Retisin","nonce":"a380c14b50"}
[2024-08-25 17:01:01] [info] Valid message received: Retisin
[2024-08-25 17:01:01] [request] API Request: "{\"messages\":[{\"role\":\"user\",\"content\":\"Retisin\"}]}"
[2024-08-25 17:01:05] [info] Received AJAX data: []
[2024-08-25 17:01:05] [error] Invalid nonce received: none
[2024-08-25 17:08:12] [info] Received AJAX data: {"action":"ekortn_process_chat_message","message":"Retisin","nonce":"a380c14b50"}
[2024-08-25 17:08:12] [info] Valid message received: Retisin
[2024-08-25 17:08:12] [request] API Request: "{\"messages\":[{\"role\":\"user\",\"content\":\"Retisin\"}]}"
[2024-08-25 17:08:15] [info] Received AJAX data: []
[2024-08-25 17:08:15] [error] Invalid nonce received: none
[2024-08-25 17:10:24] [info] Received AJAX data: {"action":"ekortn_process_chat_message","message":"Retisin je co?","nonce":"a380c14b50"}
[2024-08-25 17:10:24] [info] Valid message received: Retisin je co?
[2024-08-25 17:10:24] [request] API Request: "{\"messages\":[{\"role\":\"user\",\"content\":\"Retisin je co?\"}]}"
[2024-08-25 17:10:28] [info] Received AJAX data: []
[2024-08-25 17:10:28] [error] Invalid nonce received: none
[2024-08-25 17:15:38] [info] Received AJAX data: {"action":"ekortn_process_chat_message","message":"Retisin je co?","nonce":"a380c14b50"}
[2024-08-25 17:15:38] [info] Valid message received: Retisin je co?
[2024-08-25 17:15:38] [request] API Request: "{\"messages\":[{\"role\":\"user\",\"content\":\"Retisin je co?\"}]}"
[2024-08-25 17:15:42] [info] Received AJAX data: []
[2024-08-25 17:15:42] [error] Invalid nonce received: none
[2024-08-25 17:17:16] [info] Received AJAX data: {"action":"ekortn_process_chat_message","message":"Retisin?","nonce":"a380c14b50"}
[2024-08-25 17:17:16] [info] Valid message received: Retisin?
[2024-08-25 17:17:16] [request] API Request: "{\"messages\":[{\"role\":\"user\",\"content\":\"Retisin?\"}]}"
[2024-08-25 17:17:20] [info] Received AJAX data: []
[2024-08-25 17:17:20] [error] Invalid nonce received: none
[2024-08-25 17:23:03] [info] Received AJAX data: {"action":"ekortn_process_chat_message","message":"Co je Retisin?","nonce":"a380c14b50"}
[2024-08-25 17:23:03] [info] Valid message received: Co je Retisin?
[2024-08-25 17:23:03] [request] API Request: "{\"messages\":[{\"role\":\"user\",\"content\":\"Co je Retisin?\"}]}"
[2024-08-25 17:23:07] [info] Received AJAX data: []
[2024-08-25 17:23:07] [error] Invalid nonce received: none
[2024-08-25 17:27:20] [info] Received AJAX data: {"action":"ekortn_process_chat_message","message":"Hi there!","nonce":"a380c14b50"}
[2024-08-25 17:27:20] [info] Valid message received: Hi there!
[2024-08-25 17:27:20] [request] API Request: "{\"messages\":[{\"role\":\"user\",\"content\":\"Hi there!\"}]}"
[2024-08-25 17:27:24] [info] Received AJAX data: []
[2024-08-25 17:27:24] [error] Invalid nonce received: none
[2024-08-25 19:04:02] [info] Received AJAX data: {"action":"ekortn_process_chat_message","message":"Retisin","nonce":"a380c14b50"}
[2024-08-25 19:04:02] [info] Valid message received: Retisin
[2024-08-25 19:04:02] [request] API Request: "{\"messages\":[{\"role\":\"user\",\"content\":\"Retisin\"}]}"
[2024-08-25 19:04:06] [info] Received AJAX data: []
[2024-08-25 19:04:06] [error] Invalid nonce received: none
[2024-08-25 19:12:27] [info] Received AJAX data: {"action":"ekortn_process_chat_message","message":"Retisin","nonce":"a380c14b50"}
[2024-08-25 19:12:27] [info] Valid message received: Retisin
[2024-08-25 19:12:27] [request] API Request: "{\"messages\":[{\"role\":\"user\",\"content\":\"Retisin\"}]}"
[2024-08-25 19:13:39] [info] Received AJAX data: {"action":"ekortn_process_chat_message","message":"Retisin","nonce":"a380c14b50"}
[2024-08-25 19:13:39] [info] Valid message received: Retisin
[2024-08-25 19:13:39] [request] API Request: "{\"messages\":[{\"role\":\"user\",\"content\":\"Retisin\"}]}"
[2024-08-25 19:13:42] [info] Received AJAX data: []
[2024-08-25 19:13:42] [error] Invalid nonce received: none
[2024-08-25 19:16:19] [info] Received AJAX data: {"action":"ekortn_process_chat_message","message":"Retisin","nonce":"a380c14b50"}
[2024-08-25 19:16:19] [info] Valid message received: Retisin
[2024-08-25 19:16:19] [request] API Request: "{\"messages\":[{\"role\":\"user\",\"content\":\"Retisin\"}]}"
[2024-08-25 19:16:23] [info] Received AJAX data: []
[2024-08-25 19:16:23] [error] Invalid nonce received: none
[2024-08-25 19:25:43] [info] Received AJAX data: {"action":"ekortn_process_chat_message","message":"Retisin","nonce":"a380c14b50"}
[2024-08-25 19:25:43] [info] Valid message received: Retisin
[2024-08-25 19:25:43] [request] API Request: "{\"messages\":[{\"role\":\"user\",\"content\":\"Retisin\"}]}"
[2024-08-25 19:28:44] [info] Received AJAX data: {"action":"ekortn_process_chat_message","message":"Retisin","nonce":"a380c14b50"}
[2024-08-25 19:28:44] [info] Valid message received: Retisin
[2024-08-25 19:28:44] [request] API Request: "{\"messages\":[{\"role\":\"user\",\"content\":\"Retisin\"}]}"
[2024-08-25 19:28:48] [info] Received AJAX data: []
[2024-08-25 19:28:48] [error] Invalid nonce received: none
[2024-08-25 19:34:10] [info] Received AJAX data: {"action":"ekortn_process_chat_message","message":"Retisin","nonce":"a380c14b50"}
[2024-08-25 19:34:10] [info] Valid message received: Retisin
[2024-08-25 19:34:10] [request] API Request: "{\"messages\":[{\"role\":\"user\",\"content\":\"Retisin\"}]}"
[2024-08-25 19:34:14] [info] Received AJAX data: []
[2024-08-25 19:34:14] [error] Invalid nonce received: none
[2024-08-25 19:40:37] [info] Received AJAX data: {"action":"ekortn_process_chat_message","message":"Retisin","nonce":"a380c14b50"}
[2024-08-25 19:40:37] [info] Valid message received: Retisin
[2024-08-25 19:40:37] [request] API Request: "{\"messages\":[{\"role\":\"user\",\"content\":\"Retisin\"}]}"
[2024-08-25 19:40:41] [info] Received AJAX data: []
[2024-08-25 19:40:41] [error] Invalid nonce received: none
[2024-08-25 19:44:45] [info] Received AJAX data: {"action":"ekortn_process_chat_message","message":"Retisin","nonce":"a380c14b50"}
[2024-08-25 19:44:45] [info] Valid message received: Retisin
[2024-08-25 19:44:45] [request] API Request: "{\"messages\":[{\"role\":\"user\",\"content\":\"Retisin\"}]}"
[2024-08-25 19:44:49] [info] Received AJAX data: []
[2024-08-25 19:44:49] [error] Invalid nonce received: none
[2024-08-25 19:47:41] [info] Received AJAX data: {"action":"ekortn_process_chat_message","message":"Retisin","nonce":"a380c14b50"}
[2024-08-25 19:47:41] [info] Valid message received: Retisin
[2024-08-25 19:47:41] [request] API Request: "{\"messages\":[{\"role\":\"user\",\"content\":\"Retisin\"}]}"
[2024-08-25 19:49:35] [info] Received AJAX data: {"action":"ekortn_process_chat_message","message":"Retisin","nonce":"a380c14b50"}
[2024-08-25 19:49:35] [info] Valid message received: Retisin
[2024-08-25 19:49:35] [request] API Request: "{\"messages\":[{\"role\":\"user\",\"content\":\"Retisin\"}]}"
[2024-08-25 19:51:13] [info] Received AJAX data: {"action":"ekortn_process_chat_message","message":"Retisin","nonce":"a380c14b50"}
[2024-08-25 19:51:13] [info] Valid message received: Retisin
[2024-08-25 19:51:13] [request] API Request: "{\"messages\":[{\"role\":\"user\",\"content\":\"Retisin\"}]}"
[2024-08-25 19:51:17] [info] Received AJAX data: []
[2024-08-25 19:51:17] [error] Invalid nonce received: none
[2024-08-25 19:54:56] [info] Received AJAX data: {"action":"ekortn_process_chat_message","message":"Retisin","nonce":"a380c14b50"}
[2024-08-25 19:54:56] [info] Valid message received: Retisin
[2024-08-25 19:54:56] [request] API Request: "{\"messages\":[{\"role\":\"user\",\"content\":\"Retisin\"}]}"
[2024-08-25 19:55:00] [info] Received AJAX data: []
[2024-08-25 19:55:00] [error] Invalid nonce received: none
[2024-08-25 19:56:57] [info] Received AJAX data: {"action":"ekortn_process_chat_message","message":"Retisin","nonce":"a380c14b50"}
[2024-08-25 19:56:57] [info] Valid message received: Retisin
[2024-08-25 19:56:57] [request] API Request: "{\"messages\":[{\"role\":\"user\",\"content\":\"Retisin\"}]}"
[2024-08-25 19:57:00] [info] Received AJAX data: {"action":"check_query_status","thread_id":"thread_xtv80tnyzvZS8JrP4rSXS1h3","nonce":"a380c14b50"}
[2024-08-25 20:29:45] [info] Received AJAX data: {"action":"ekortn_process_chat_message","message":"Retisin","nonce":"a380c14b50"}
[2024-08-25 20:29:45] [info] Valid message received: Retisin
[2024-08-25 20:29:45] [request] API Request: "{\"messages\":[{\"role\":\"user\",\"content\":\"Retisin\"}]}"
[2024-08-25 20:29:48] [info] Received AJAX data: {"action":"check_query_status","thread_id":"thread_m6O7nHL7TsfG1R50fhAFMDLd","nonce":"a380c14b50"}
[2024-08-25 20:31:14] [info] Received AJAX data: {"action":"ekortn_process_chat_message","message":"Retisin","nonce":"a380c14b50"}
[2024-08-25 20:31:14] [info] Valid message received: Retisin
[2024-08-25 20:31:14] [request] API Request: "{\"messages\":[{\"role\":\"user\",\"content\":\"Retisin\"}]}"
[2024-08-25 20:31:18] [info] Received AJAX data: {"action":"check_query_status","thread_id":"thread_3cbzB9RGYoBjLyx9zta8xhpk","nonce":"a380c14b50"}
[2024-08-25 20:37:57] [info] Received AJAX data: {"action":"ekortn_process_chat_message","message":"Retisin","nonce":"a380c14b50"}
[2024-08-25 20:37:57] [info] Valid message received: Retisin
[2024-08-25 20:37:57] [request] API Request: "{\"messages\":[{\"role\":\"user\",\"content\":\"Retisin\"}]}"
[2024-08-25 20:38:01] [info] Received AJAX data: {"action":"check_query_status","thread_id":"thread_hqVu8FZirZG6pALKugDz6gVD","nonce":"a380c14b50"}
[2024-08-25 20:38:01] [error] Missing thread_id or run_id in the request.
[2024-10-05 17:26:11] [info] Received AJAX data: {"action":"ekortn_process_chat_message","message":"kjkj","nonce":"44362c2f32"}
[2024-10-05 17:26:11] [info] Valid message received: kjkj
[2024-10-05 17:26:11] [request] API Request: "{\"messages\":[{\"role\":\"user\",\"content\":\"kjkj\"}]}"
[2024-10-05 17:26:15] [info] Received AJAX data: {"action":"check_query_status","thread_id":"thread_r6OR2IUdAKQmjCDKUZoPdr5H","nonce":"44362c2f32"}
[2024-10-05 17:26:15] [error] Missing thread_id or run_id in the request.
